<?xml version="1.0" encoding="UTF-8"?>
<testng-results ignored="0" total="2" passed="2" failed="0" skipped="0">
  <reporter-output>
  </reporter-output>
  <suite started-at="2024-12-26T15:53:47 IST" name="Default suite" finished-at="2024-12-26T15:54:25 IST" duration-ms="38086">
    <groups>
    </groups>
    <test started-at="2024-12-26T15:53:47 IST" name="Default test" finished-at="2024-12-26T15:54:25 IST" duration-ms="38086">
      <class name="com.qa.Tests.Tc_Homepage_002">
        <test-method is-config="true" signature="setup()[pri:0, instance:com.qa.Tests.Tc_Homepage_002@ba2f4ec]" started-at="2024-12-26T15:53:47 IST" name="setup" finished-at="2024-12-26T15:53:49 IST" duration-ms="1944" status="PASS">
          <reporter-output>
          </reporter-output>
        </test-method> <!-- setup -->
        <test-method signature="Test1()[pri:1, instance:com.qa.Tests.Tc_Homepage_002@ba2f4ec]" started-at="2024-12-26T15:53:49 IST" name="Test1" finished-at="2024-12-26T15:54:11 IST" duration-ms="21220" status="PASS">
          <reporter-output>
          </reporter-output>
        </test-method> <!-- Test1 -->
        <test-method signature="Test2()[pri:2, instance:com.qa.Tests.Tc_Homepage_002@ba2f4ec]" started-at="2024-12-26T15:54:11 IST" name="Test2" finished-at="2024-12-26T15:54:20 IST" duration-ms="9208" status="PASS">
          <reporter-output>
          </reporter-output>
        </test-method> <!-- Test2 -->
        <test-method is-config="true" signature="teradown()[pri:0, instance:com.qa.Tests.Tc_Homepage_002@ba2f4ec]" started-at="2024-12-26T15:54:20 IST" name="teradown" finished-at="2024-12-26T15:54:25 IST" duration-ms="5658" status="PASS">
          <reporter-output>
          </reporter-output>
        </test-method> <!-- teradown -->
      </class> <!-- com.qa.Tests.Tc_Homepage_002 -->
    </test> <!-- Default test -->
  </suite> <!-- Default suite -->
</testng-results>
